[    0.000000] Initializing cgroup subsys cpuset
[    0.000000] Initializing cgroup subsys cpu
[    0.000000] Initializing cgroup subsys cpuacct
[    0.000000] Linux version 4.4.0-210-generic (buildd@lgw01-amd64-009) (gcc version 5.4.0 20160609 (Ubuntu 5.4.0-6ubuntu1~16.04.12) ) #242-Ubuntu SMP Fri Apr 16 09:57:56 UTC 2021 (Ubuntu 4.4.0-210.242-generic 4.4.262)
[    0.000000] Command line: BOOT_IMAGE=/boot/vmlinuz-4.4.0-210-generic root=LABEL=cloudimg-rootfs ro console=tty1 console=ttyS0
[    0.000000] KERNEL supported cpus:
[    0.000000]   Intel GenuineIntel
[    0.000000]   AMD AuthenticAMD
[    0.000000]   Centaur CentaurHauls
[    0.000000] [Firmware Bug]: TSC doesn't count with P0 frequency!
[    0.000000] x86/fpu: xstate_offset[2]:  576, xstate_sizes[2]:  256
[    0.000000] x86/fpu: Supporting XSAVE feature 0x01: 'x87 floating point registers'
[    0.000000] x86/fpu: Supporting XSAVE feature 0x02: 'SSE registers'
[    0.000000] x86/fpu: Supporting XSAVE feature 0x04: 'AVX registers'
[    0.000000] x86/fpu: Enabled xstate features 0x7, context size is 832 bytes, using 'standard' format.
[    0.000000] e820: BIOS-provided physical RAM map:
[    0.000000] BIOS-e820: [mem 0x0000000000000000-0x000000000009fbff] usable
[    0.000000] BIOS-e820: [mem 0x000000000009fc00-0x000000000009ffff] reserved
[    0.000000] BIOS-e820: [mem 0x00000000000f0000-0x00000000000fffff] reserved
[    0.000000] BIOS-e820: [mem 0x0000000000100000-0x000000003ffeffff] usable
[    0.000000] BIOS-e820: [mem 0x000000003fff0000-0x000000003fffffff] ACPI data
[    0.000000] BIOS-e820: [mem 0x00000000fec00000-0x00000000fec00fff] reserved
[    0.000000] BIOS-e820: [mem 0x00000000fee00000-0x00000000fee00fff] reserved
[    0.000000] BIOS-e820: [mem 0x00000000fffc0000-0x00000000ffffffff] reserved
[    0.000000] NX (Execute Disable) protection: active
[    0.000000] SMBIOS 2.5 present.
[    0.000000] Hypervisor detected: KVM
[    0.000000] Kernel/User page tables isolation: disabled
[    0.000000] e820: last_pfn = 0x3fff0 max_arch_pfn = 0x400000000
[    0.000000] MTRR: Disabled
[    0.000000] x86/PAT: MTRRs disabled, skipping PAT initialization too.
[    0.000000] CPU MTRRs all blank - virtualized system.
[    0.000000] x86/PAT: Configuration [0-7]: WB  WT  UC- UC  WB  WT  UC- UC  
[    0.000000] found SMP MP-table at [mem 0x0009fff0-0x0009ffff] mapped at [ffff88000009fff0]
[    0.000000] Scanning 1 areas for low memory corruption
[    0.000000] RAMDISK: [mem 0x362dc000-0x37165fff]
[    0.000000] ACPI: Early table checksum verification disabled
[    0.000000] ACPI: RSDP 0x00000000000E0000 000024 (v02 VBOX  )
[    0.000000] ACPI: XSDT 0x000000003FFF0030 00003C (v01 VBOX   VBOXXSDT 00000001 ASL  00000061)
[    0.000000] ACPI: FACP 0x000000003FFF00F0 0000F4 (v04 VBOX   VBOXFACP 00000001 ASL  00000061)
[    0.000000] ACPI: DSDT 0x000000003FFF0610 002353 (v02 VBOX   VBOXBIOS 00000002 INTL 20100528)
[    0.000000] ACPI: FACS 0x000000003FFF0200 000040
[    0.000000] ACPI: FACS 0x000000003FFF0200 000040
[    0.000000] ACPI: APIC 0x000000003FFF0240 00005C (v02 VBOX   VBOXAPIC 00000001 ASL  00000061)
[    0.000000] ACPI: SSDT 0x000000003FFF02A0 00036C (v01 VBOX   VBOXCPUT 00000002 INTL 20100528)
[    0.000000] No NUMA configuration found
[    0.000000] Faking a node at [mem 0x0000000000000000-0x000000003ffeffff]
[    0.000000] NODE_DATA(0) allocated [mem 0x3ffeb000-0x3ffeffff]
[    0.000000] kvm-clock: Using msrs 4b564d01 and 4b564d00
[    0.000000] kvm-clock: cpu 0, msr 0:3ffe3001, primary cpu clock
[    0.000000] kvm-clock: using sched offset of 4022672661 cycles
[    0.000000] clocksource: kvm-clock: mask: 0xffffffffffffffff max_cycles: 0x1cd42e4dffb, max_idle_ns: 881590591483 ns
[    0.000000] Zone ranges:
[    0.000000]   DMA      [mem 0x0000000000001000-0x0000000000ffffff]
[    0.000000]   DMA32    [mem 0x0000000001000000-0x000000003ffeffff]
[    0.000000]   Normal   empty
[    0.000000]   Device   empty
[    0.000000] Movable zone start for each node
[    0.000000] Early memory node ranges
[    0.000000]   node   0: [mem 0x0000000000001000-0x000000000009efff]
[    0.000000]   node   0: [mem 0x0000000000100000-0x000000003ffeffff]
[    0.000000] Initmem setup node 0 [mem 0x0000000000001000-0x000000003ffeffff]
[    0.000000] ACPI: PM-Timer IO Port: 0x4008
[    0.000000] IOAPIC[0]: apic_id 2, version 32, address 0xfec00000, GSI 0-23
[    0.000000] ACPI: INT_SRC_OVR (bus 0 bus_irq 0 global_irq 2 dfl dfl)
[    0.000000] ACPI: INT_SRC_OVR (bus 0 bus_irq 9 global_irq 9 low level)
[    0.000000] Using ACPI (MADT) for SMP configuration information
[    0.000000] smpboot: Allowing 2 CPUs, 0 hotplug CPUs
[    0.000000] PM: Registered nosave memory: [mem 0x00000000-0x00000fff]
[    0.000000] PM: Registered nosave memory: [mem 0x0009f000-0x0009ffff]
[    0.000000] PM: Registered nosave memory: [mem 0x000a0000-0x000effff]
[    0.000000] PM: Registered nosave memory: [mem 0x000f0000-0x000fffff]
[    0.000000] e820: [mem 0x40000000-0xfebfffff] available for PCI devices
[    0.000000] Booting paravirtualized kernel on KVM
[    0.000000] clocksource: refined-jiffies: mask: 0xffffffff max_cycles: 0xffffffff, max_idle_ns: 7645519600211568 ns
[    0.000000] setup_percpu: NR_CPUS:512 nr_cpumask_bits:512 nr_cpu_ids:2 nr_node_ids:1
[    0.000000] PERCPU: Embedded 33 pages/cpu @ffff88003fc00000 s95192 r8192 d31784 u1048576
[    0.000000] Built 1 zonelists in Node order, mobility grouping on.  Total pages: 257912
[    0.000000] Policy zone: DMA32
[    0.000000] Kernel command line: BOOT_IMAGE=/boot/vmlinuz-4.4.0-210-generic root=LABEL=cloudimg-rootfs ro console=tty1 console=ttyS0
[    0.000000] PID hash table entries: 4096 (order: 3, 32768 bytes)
[    0.000000] Memory: 997792K/1048120K available (8644K kernel code, 1332K rwdata, 4044K rodata, 1492K init, 1164K bss, 50328K reserved, 0K cma-reserved)
[    0.000000] SLUB: HWalign=64, Order=0-3, MinObjects=0, CPUs=2, Nodes=1
[    0.000000] Hierarchical RCU implementation.
[    0.000000] 	Build-time adjustment of leaf fanout to 64.
[    0.000000] 	RCU restricting CPUs from NR_CPUS=512 to nr_cpu_ids=2.
[    0.000000] RCU: Adjusting geometry for rcu_fanout_leaf=64, nr_cpu_ids=2
[    0.000000] NR_IRQS:33024 nr_irqs:440 16
[    0.000000] Console: colour VGA+ 80x25
[    0.000000] console [tty1] enabled
[    0.000000] console [ttyS0] enabled
[    0.000000] tsc: Detected 3792.876 MHz processor
[    0.116949] Calibrating delay loop (skipped) preset value.. 7585.75 BogoMIPS (lpj=15171504)
[    0.118151] pid_max: default: 32768 minimum: 301
[    0.118788] ACPI: Core revision 20150930
[    0.120138] ACPI: 2 ACPI AML tables successfully acquired and loaded
[    0.121115] Security Framework initialized
[    0.121693] Yama: becoming mindful.
[    0.122254] AppArmor: AppArmor initialized
[    0.122933] Dentry cache hash table entries: 131072 (order: 8, 1048576 bytes)
[    0.123958] Inode-cache hash table entries: 65536 (order: 7, 524288 bytes)
[    0.129263] Mount-cache hash table entries: 2048 (order: 2, 16384 bytes)
[    0.130141] Mountpoint-cache hash table entries: 2048 (order: 2, 16384 bytes)
[    0.131154] Initializing cgroup subsys io
[    0.131812] Initializing cgroup subsys memory
[    0.132583] Initializing cgroup subsys devices
[    0.133223] Initializing cgroup subsys freezer
[    0.133844] Initializing cgroup subsys net_cls
[    0.134424] Initializing cgroup subsys perf_event
[    0.135065] Initializing cgroup subsys net_prio
[    0.135741] Initializing cgroup subsys hugetlb
[    0.136495] Initializing cgroup subsys pids
[    0.137386] mce: CPU supports 0 MCE banks
[    0.137960] Last level iTLB entries: 4KB 512, 2MB 512, 4MB 256
[    0.138694] Last level dTLB entries: 4KB 2048, 2MB 2048, 4MB 1024, 1GB 0
[    0.139481] Spectre V1 : Mitigation: usercopy/swapgs barriers and __user pointer sanitization
[    0.140850] Spectre V2 : Spectre mitigation: LFENCE not serializing, switching to generic retpoline
[    0.142044] Spectre V2 : Mitigation: Full generic retpoline
[    0.142757] Spectre V2 : Spectre v2 / SpectreRSB mitigation: Filling RSB on context switch
[    0.145832] Freeing SMP alternatives memory: 36K
[    0.151019] ftrace: allocating 32380 entries in 127 pages
[    0.190731] smpboot: APIC(0) Converting physical 0 to logical package 0
[    0.191621] smpboot: Max logical packages: 1
[    0.192519] x2apic enabled
[    0.193183] Switched APIC routing to physical x2apic.
[    0.194728] ..TIMER: vector=0x30 apic1=0 pin1=2 apic2=-1 pin2=-1
[    0.303568] APIC calibration not consistent with PM-Timer: 107ms instead of 100ms
[    0.304846] APIC delta adjusted to PM-Timer: 6460547 (6914414)
[    0.305846] smpboot: CPU0: AMD Ryzen 7 5700G with Radeon Graphics (family: 0x19, model: 0x50, stepping: 0x0)
[    0.307466] Performance Events: Broken PMU hardware detected, using software events only.
[    0.308580] Failed to access perfctr msr (MSR c0010007 is 0)
[    0.314495] KVM setup paravirtual spinlock
[    0.315810] x86: Booting SMP configuration:
[    0.316443] .... node  #0, CPUs:      #1
[    0.317117] kvm-clock: cpu 1, msr 0:3ffe3041, secondary cpu clock
[    0.317942] mce: CPU supports 0 MCE banks
[    0.320352] x86: Booted up 1 node, 2 CPUs
[    0.321132] smpboot: Total of 2 processors activated (15171.50 BogoMIPS)
[    0.322347] devtmpfs: initialized
[    0.323833] evm: security.selinux
[    0.324393] evm: security.SMACK64
[    0.324905] evm: security.SMACK64EXEC
[    0.325514] evm: security.SMACK64TRANSMUTE
[    0.326101] evm: security.SMACK64MMAP
[    0.326628] evm: security.ima
[    0.327075] evm: security.capability
[    0.332332] clocksource: jiffies: mask: 0xffffffff max_cycles: 0xffffffff, max_idle_ns: 7645041785100000 ns
[    0.333903] futex hash table entries: 512 (order: 3, 32768 bytes)
[    0.334896] pinctrl core: initialized pinctrl subsystem
[    0.335807] RTC time: 18:30:57, date: 07/26/23
[    0.336643] NET: Registered protocol family 16
[    0.346971] cpuidle: using governor ladder
[    0.352549] cpuidle: using governor menu
[    0.353208] PCCT header not found.
[    0.354175] ACPI: bus type PCI registered
[    0.354915] acpiphp: ACPI Hot Plug PCI Controller Driver version: 0.5
[    0.356120] PCI: Using configuration type 1 for base access
[    0.357047] PCI: Using configuration type 1 for extended access
[    0.365397] ACPI: Added _OSI(Module Device)
[    0.366104] ACPI: Added _OSI(Processor Device)
[    0.366735] ACPI: Added _OSI(3.0 _SCP Extensions)
[    0.367507] ACPI: Added _OSI(Processor Aggregator Device)
[    0.368738] ACPI: Executed 1 blocks of module-level executable AML code
[    0.370834] ACPI: Interpreter enabled
[    0.371455] ACPI: (supports S0 S5)
[    0.371998] ACPI: Using IOAPIC for interrupt routing
[    0.372793] PCI: Using host bridge windows from ACPI; if necessary, use "pci=nocrs" and report a bug
[    0.376180] ACPI: PCI Root Bridge [PCI0] (domain 0000 [bus 00-ff])
[    0.377020] acpi PNP0A03:00: _OSC: OS supports [ExtendedConfig ASPM ClockPM Segments MSI]
[    0.378669] acpi PNP0A03:00: _OSC: platform does not support [PCIeCapability]
[    0.379830] acpi PNP0A03:00: _OSC: not requesting control; platform does not support [PCIeCapability]
[    0.381131] acpi PNP0A03:00: _OSC: OS requested [PCIeHotplug PME AER PCIeCapability]
[    0.382279] acpi PNP0A03:00: _OSC: platform willing to grant [PCIeHotplug PME AER]
[    0.383529] acpi PNP0A03:00: _OSC failed (AE_SUPPORT); disabling ASPM
[    0.384617] PCI host bridge to bus 0000:00
[    0.392243] pci_bus 0000:00: root bus resource [io  0x0000-0x0cf7 window]
[    0.393118] pci_bus 0000:00: root bus resource [io  0x0d00-0xffff window]
[    0.393988] pci_bus 0000:00: root bus resource [mem 0x000a0000-0x000bffff window]
[    0.395078] pci_bus 0000:00: root bus resource [mem 0x40000000-0xfdffffff window]
[    0.396249] pci_bus 0000:00: root bus resource [bus 00-ff]
[    0.398459] pci 0000:00:01.1: legacy IDE quirk: reg 0x10: [io  0x01f0-0x01f7]
[    0.399496] pci 0000:00:01.1: legacy IDE quirk: reg 0x14: [io  0x03f6]
[    0.400467] pci 0000:00:01.1: legacy IDE quirk: reg 0x18: [io  0x0170-0x0177]
[    0.401382] pci 0000:00:01.1: legacy IDE quirk: reg 0x1c: [io  0x0376]
[    0.415465] pci 0000:00:07.0: quirk: [io  0x4000-0x403f] claimed by PIIX4 ACPI
[    0.416741] pci 0000:00:07.0: quirk: [io  0x4100-0x410f] claimed by PIIX4 SMB
[    0.429908] ACPI: PCI Interrupt Link [LNKA] (IRQs 5 9 10 *11)
[    0.431275] ACPI: PCI Interrupt Link [LNKB] (IRQs 5 9 *10 11)
[    0.432423] ACPI: PCI Interrupt Link [LNKC] (IRQs 5 *9 10 11)
[    0.433596] ACPI: PCI Interrupt Link [LNKD] (IRQs 5 9 10 *11)
[    0.434789] ACPI: Enabled 2 GPEs in block 00 to 07
[    0.435774] vgaarb: setting as boot device: PCI:0000:00:02.0
[    0.436672] vgaarb: device added: PCI:0000:00:02.0,decodes=io+mem,owns=io+mem,locks=none
[    0.438242] vgaarb: loaded
[    0.438925] vgaarb: bridge control possible 0000:00:02.0
[    0.440641] SCSI subsystem initialized
[    0.441536] ACPI: bus type USB registered
[    0.442131] usbcore: registered new interface driver usbfs
[    0.442871] usbcore: registered new interface driver hub
[    0.443607] usbcore: registered new device driver usb
[    0.444485] PCI: Using ACPI for IRQ routing
[    0.445363] NetLabel: Initializing
[    0.445934] NetLabel:  domain hash size = 128
[    0.446576] NetLabel:  protocols = UNLABELED CIPSOv4
[    0.447304] NetLabel:  unlabeled traffic allowed by default
[    0.448197] amd_nb: Cannot enumerate AMD northbridges
[    0.448958] clocksource: Switched to clocksource kvm-clock
[    0.462546] AppArmor: AppArmor Filesystem Enabled
[    0.463410] pnp: PnP ACPI init
[    0.464592] pnp: PnP ACPI: found 3 devices
[    0.472966] clocksource: acpi_pm: mask: 0xffffff max_cycles: 0xffffff, max_idle_ns: 2085701024 ns
[    0.474169] NET: Registered protocol family 2
[    0.474853] TCP established hash table entries: 8192 (order: 4, 65536 bytes)
[    0.475676] TCP bind hash table entries: 8192 (order: 5, 131072 bytes)
[    0.476454] TCP: Hash tables configured (established 8192 bind 8192)
[    0.477206] UDP hash table entries: 512 (order: 2, 16384 bytes)
[    0.477944] UDP-Lite hash table entries: 512 (order: 2, 16384 bytes)
[    0.478734] NET: Registered protocol family 1
[    0.479317] pci 0000:00:00.0: Limiting direct PCI/PCI transfers
[    0.480038] pci 0000:00:01.0: Activating ISA DMA hang workarounds
[    0.485777] Unpacking initramfs...
[    0.723446] Freeing initrd memory: 14888K
[    0.724208] clocksource: tsc: mask: 0xffffffffffffffff max_cycles: 0x6d581b92771, max_idle_ns: 881590605997 ns
[    0.725590] platform rtc_cmos: registered platform RTC device (no PNP device found)
[    0.726668] Scanning for low memory corruption every 60 seconds
[    0.727836] audit: initializing netlink subsys (disabled)
[    0.728728] audit: type=2000 audit(1690396263.292:1): initialized
[    0.729883] Initialise system trusted keyring
[    0.730775] HugeTLB registered 2 MB page size, pre-allocated 0 pages
[    0.732487] zbud: loaded
[    0.733752] VFS: Disk quotas dquot_6.6.0
[    0.734399] VFS: Dquot-cache hash table entries: 512 (order 0, 4096 bytes)
[    0.735385] squashfs: version 4.0 (2009/01/31) Phillip Lougher
[    0.736313] fuse init (API version 7.23)
[    0.736964] Key type big_key registered
[    0.737573] Allocating IMA MOK and blacklist keyrings.
[    0.744470] Key type asymmetric registered
[    0.745113] Asymmetric key parser 'x509' registered
[    0.745802] Block layer SCSI generic (bsg) driver version 0.4 loaded (major 249)
[    0.746853] io scheduler noop registered
[    0.747629] io scheduler deadline registered (default)
[    0.748633] io scheduler cfq registered
[    0.749500] pci_hotplug: PCI Hot Plug PCI Core version: 0.5
[    0.750471] pciehp: PCI Express Hot Plug Controller Driver version: 0.4
[    0.751692] ACPI: AC Adapter [AC] (on-line)
[    0.752521] input: Power Button as /devices/LNXSYSTM:00/LNXPWRBN:00/input/input0
[    0.753953] ACPI: Power Button [PWRF]
[    0.754773] input: Sleep Button as /devices/LNXSYSTM:00/LNXSLPBN:00/input/input1
[    0.756167] ACPI: Sleep Button [SLPF]
[    0.757072] GHES: HEST is not enabled!
[    0.757921] Serial: 8250/16550 driver, 32 ports, IRQ sharing enabled
[    0.779676] 00:02: ttyS0 at I/O 0x3f8 (irq = 4, base_baud = 115200) is a 16550A
[    0.782872] Linux agpgart interface v0.103
[    0.785193] loop: module loaded
[    0.786275] scsi host0: ata_piix
[    0.786866] scsi host1: ata_piix
[    0.787406] ata1: PATA max UDMA/33 cmd 0x1f0 ctl 0x3f6 bmdma 0xd000 irq 14
[    0.788231] ata2: PATA max UDMA/33 cmd 0x170 ctl 0x376 bmdma 0xd008 irq 15
[    0.789184] libphy: Fixed MDIO Bus: probed
[    0.789833] tun: Universal TUN/TAP device driver, 1.6
[    0.790488] tun: (C) 1999-2004 Max Krasnyansky <maxk@qualcomm.com>
[    0.791408] PPP generic driver version 2.4.2
[    0.792110] ehci_hcd: USB 2.0 'Enhanced' Host Controller (EHCI) Driver
[    0.792937] ehci-pci: EHCI PCI platform driver
[    0.793711] ehci-platform: EHCI generic platform driver
[    0.794505] ohci_hcd: USB 1.1 'Open' Host Controller (OHCI) Driver
[    0.795422] ohci-pci: OHCI PCI platform driver
[    0.796207] ohci-platform: OHCI generic platform driver
[    0.797102] uhci_hcd: USB Universal Host Controller Interface driver
[    0.798190] i8042: PNP: PS/2 Controller [PNP0303:PS2K,PNP0f03:PS2M] at 0x60,0x64 irq 1,12
[    0.800133] serio: i8042 KBD port at 0x60,0x64 irq 1
[    0.801022] serio: i8042 AUX port at 0x60,0x64 irq 12
[    0.802069] mousedev: PS/2 mouse device common for all mice
[    0.803107] input: AT Translated Set 2 keyboard as /devices/platform/i8042/serio0/input/input2
[    0.804862] rtc_cmos rtc_cmos: rtc core: registered rtc_cmos as rtc0
[    0.805801] rtc_cmos rtc_cmos: alarms up to one day, 114 bytes nvram
[    0.806605] i2c /dev entries driver
[    0.807153] device-mapper: uevent: version 1.0.3
[    0.807839] device-mapper: ioctl: 4.34.0-ioctl (2015-10-28) initialised: dm-devel@redhat.com
[    0.809015] ledtrig-cpu: registered to indicate activity on CPUs
[    0.810156] NET: Registered protocol family 10
[    0.811155] NET: Registered protocol family 17
[    0.811818] Key type dns_resolver registered
[    0.812724] registered taskstats version 1
[    0.813406] Loading compiled-in X.509 certificates
[    0.814411] Loaded X.509 cert 'Build time autogenerated kernel key: cf00e047681d67edb2720680708b7d9498083038'
[    0.815777] zswap: loaded using pool lzo/zbud
[    0.817697] Key type trusted registered
[    0.820583] Key type encrypted registered
[    0.821302] AppArmor: AppArmor sha1 policy hashing enabled
[    0.822078] ima: No TPM chip found, activating TPM-bypass!
[    0.822845] ima: Allocated hash algorithm: sha1
[    0.823526] evm: HMAC attrs: 0x1
[    0.824324]   Magic number: 15:348:545
[    0.824910] tty ttyS21: hash matches
[    0.825598] rtc_cmos rtc_cmos: setting system clock to 2023-07-26 18:30:57 UTC (1690396257)
[    0.826874] BIOS EDD facility v0.16 2004-Jun-25, 0 devices found
[    0.827602] EDD information not available.
[    0.971346] Freeing unused kernel memory: 1492K
[    0.972025] Write protecting the kernel read-only data: 14336k
[    0.973101] Freeing unused kernel memory: 1584K
[    0.973794] Freeing unused kernel memory: 52K
Loading, please wait...
starting version 229
[    0.983217] random: systemd-udevd: uninitialized urandom read (16 bytes read, 2 bits of entropy available)
[    0.983576] random: udevadm: uninitialized urandom read (16 bytes read, 2 bits of entropy available)
[    0.983590] random: udevadm: uninitialized urandom read (16 bytes read, 2 bits of entropy available)
[    0.988348] random: systemd-udevd: uninitialized urandom read (16 bytes read, 2 bits of entropy available)
[    0.989929] random: systemd-udevd: uninitialized urandom read (16 bytes read, 2 bits of entropy available)
[    0.991705] random: systemd-udevd: uninitialized urandom read (16 bytes read, 2 bits of entropy available)
[    0.992174] random: udevadm: uninitialized urandom read (16 bytes read, 2 bits of entropy available)
[    0.992212] random: udevadm: uninitialized urandom read (16 bytes read, 2 bits of entropy available)
[    0.992335] random: udevadm: uninitialized urandom read (16 bytes read, 2 bits of entropy available)
[    0.992378] random: udevadm: uninitialized urandom read (16 bytes read, 2 bits of entropy available)
[    1.024204] Fusion MPT base driver 3.04.20
[    1.024983] Copyright (c) 1999-2008 LSI Corporation
[    1.025191] e1000: Intel(R) PRO/1000 Network Driver - version 7.3.21-k8-NAPI
[    1.025191] e1000: Copyright (c) 1999-2006 Intel Corporation.
[    1.043218] Fusion MPT SPI Host driver 3.04.20
[    1.046711] AVX2 version of gcm_enc/dec engaged.
[    1.047445] AES CTR mode by8 optimization enabled
[    1.235820] input: ImExPS/2 Generic Explorer Mouse as /devices/platform/i8042/serio1/input/input4
[    1.360867] e1000 0000:00:03.0 eth0: (PCI:33MHz:32-bit) 02:be:82:6b:cc:1d
[    1.361787] e1000 0000:00:03.0 eth0: Intel(R) PRO/1000 Network Connection
[    2.113413] e1000 0000:00:08.0 eth1: (PCI:33MHz:32-bit) 08:00:27:08:8b:c8
[    2.114517] e1000 0000:00:08.0 eth1: Intel(R) PRO/1000 Network Connection
[    2.975794] e1000 0000:00:09.0 eth2: (PCI:33MHz:32-bit) 08:00:27:5a:04:13
[    2.976782] e1000 0000:00:09.0 eth2: Intel(R) PRO/1000 Network Connection
[    2.978328] mptbase: ioc0: Initiating bringup
[    2.979608] e1000 0000:00:03.0 enp0s3: renamed from eth0
[    2.993084] e1000 0000:00:08.0 enp0s8: renamed from eth1
[    3.009398] e1000 0000:00:09.0 enp0s9: renamed from eth2
[    3.053671] ioc0: LSI53C1030 A0: Capabilities={Initiator}
[    4.354378] scsi host2: ioc0: LSI53C1030 A0, FwRev=00000000h, Ports=1, MaxQ=256, IRQ=20
[    4.465856] scsi 2:0:0:0: Direct-Access     VBOX     HARDDISK         1.0  PQ: 0 ANSI: 5
[    4.467347] scsi target2:0:0: Beginning Domain Validation
[    4.468986] scsi target2:0:0: Domain Validation skipping write tests
[    4.469906] scsi target2:0:0: Ending Domain Validation
[    4.470711] scsi target2:0:0: asynchronous
[    4.471797] scsi 2:0:1:0: Direct-Access     VBOX     HARDDISK         1.0  PQ: 0 ANSI: 5
[    4.473381] scsi target2:0:1: Beginning Domain Validation
[    4.475126] scsi target2:0:1: Domain Validation skipping write tests
[    4.475966] scsi target2:0:1: Ending Domain Validation
[    4.476771] scsi target2:0:1: asynchronous
[    4.481749] sd 2:0:0:0: [sda] 83886080 512-byte logical blocks: (42.9 GB/40.0 GiB)
[    4.482952] sd 2:0:0:0: Attached scsi generic sg0 type 0
[    4.483887] sd 2:0:1:0: [sdb] 20480 512-byte logical blocks: (10.5 MB/10.0 MiB)
[    4.483905] sd 2:0:0:0: [sda] Write Protect is off
[    4.485795] sd 2:0:0:0: [sda] Incomplete mode parameter data
[    4.485870] sd 2:0:1:0: [sdb] Write Protect is off
[    4.485910] sd 2:0:1:0: [sdb] Incomplete mode parameter data
[    4.485911] sd 2:0:1:0: [sdb] Assuming drive cache: write through
[    4.488975] sd 2:0:0:0: [sda] Assuming drive cache: write through
[    4.489489] sd 2:0:1:0: Attached scsi generic sg1 type 0
[    4.523194]  sda: sda1
[    4.524396] sd 2:0:0:0: [sda] Attached SCSI disk
[    4.525239] sd 2:0:1:0: [sdb] Attached SCSI disk
Begin: Loading essential drivers ... [    5.857422] md: linear personality registered for level -1
[    5.859884] md: multipath personality registered for level -4
[    5.862699] md: raid0 personality registered for level 0
[    5.865868] md: raid1 personality registered for level 1
[    5.950085] raid6: sse2x1   gen()  7269 MB/s
[    6.031723] raid6: sse2x1   xor() 13435 MB/s
[    6.111701] raid6: sse2x2   gen() 14423 MB/s
[    6.192802] raid6: sse2x2   xor() 14821 MB/s
[    6.355634] raid6: sse2x4   gen() 38320 MB/s
[    6.432852] raid6: sse2x4   xor() 13669 MB/s
[    6.512925] raid6: avx2x1   gen() 17066 MB/s
[    6.592918] raid6: avx2x2   gen() 35257 MB/s
[    6.769229] raid6: avx2x4   gen() 41623 MB/s
[    6.770116] raid6: using algorithm avx2x4 gen() 41623 MB/s
[    6.771293] raid6: using avx2x2 recovery algorithm
[    6.772780] xor: automatically using best checksumming function:
[    6.813530]    avx       : 18694.000 MB/sec
[    6.814881] async_tx: api initialized (async)
[    6.821841] md: raid6 personality registered for level 6
[    6.822837] md: raid5 personality registered for level 5
[    6.823601] md: raid4 personality registered for level 4
[    6.828906] md: raid10 personality registered for level 10
done.
Begin: Running /scripts/init-premount ... done.
Begin: Mounting root file system ... Begin: Running /scripts/local-top ... done.
Begin: Running /scripts/local-premount ... [    6.854459] Btrfs loaded
Scanning for Btrfs filesystems
done.
Warning: fsck not present, so skipping root file system
[    6.926135] EXT4-fs (sda1): mounted filesystem with ordered data mode. Opts: (null)
done.
Begin: Running /scripts/local-bottom ... done.
Begin: Running /scripts/init-bottom ... done.
[    7.513253] systemd[1]: systemd 229 running in system mode. (+PAM +AUDIT +SELINUX +IMA +APPARMOR +SMACK +SYSVINIT +UTMP +LIBCRYPTSETUP +GCRYPT +GNUTLS +ACL +XZ -LZ4 +SECCOMP +BLKID +ELFUTILS +KMOD -IDN)
[    7.515510] systemd[1]: Detected virtualization oracle.
[    7.516209] systemd[1]: Detected architecture x86-64.

Welcome to [1mUbuntu 16.04.7 LTS[0m!

[    7.575115] systemd[1]: Set hostname to <ubuntu-xenial>.
[    7.690262] random: nonblocking pool is initialized
[    8.157991] systemd[1]: Listening on udev Kernel Socket.
[[0;32m  OK  [0m] Listening on udev Kernel Socket.
[    8.159468] systemd[1]: Started Trigger resolvconf update for networkd DNS.
[[0;32m  OK  [0m] Started Trigger resolvconf update for networkd DNS.
[    8.161157] systemd[1]: Listening on LVM2 metadata daemon socket.
[[0;32m  OK  [0m] Listening on LVM2 metadata daemon socket.
[    8.162690] systemd[1]: Listening on /dev/initctl Compatibility Named Pipe.
[[0;32m  OK  [0m] Listening on /dev/initctl Compatibility Named Pipe.
[    8.164355] systemd[1]: Listening on Syslog Socket.
[[0;32m  OK  [0m] Listening on Syslog Socket.
[    8.165800] systemd[1]: Listening on Device-mapper event daemon FIFOs.
[[0;32m  OK  [0m] Listening on Device-mapper event daemon FIFOs.
[    8.167512] systemd[1]: Created slice System Slice.
[[0;32m  OK  [0m] Created slice System Slice.
[    8.168989] systemd[1]: Created slice system-serial\x2dgetty.slice.
[[0;32m  OK  [0m] Created slice system-serial\x2dgetty.slice.
[    8.170453] systemd[1]: Listening on Journal Socket (/dev/log).
[[0;32m  OK  [0m] Listening on Journal Socket (/dev/log).
[    8.172262] systemd[1]: Reached target User and Group Name Lookups.
[[0;32m  OK  [0m] Reached target User and Group Name Lookups.
[    8.174311] systemd[1]: Set up automount Arbitrary Executable File Formats File System Automount Point.
[[0;32m  OK  [0m] Set up automount Arbitrary Executab...ats File System Automount Point.
[    8.176996] systemd[1]: Reached target Encrypted Volumes.
[[0;32m  OK  [0m] Reached target Encrypted Volumes.
[    8.178688] systemd[1]: Reached target Swap.
[[0;32m  OK  [0m] Reached target Swap.
[    8.180122] systemd[1]: Reached target System Time Synchronized.
[[0;32m  OK  [0m] Reached target System Time Synchronized.
[    8.181668] systemd[1]: Listening on LVM2 poll daemon socket.
[[0;32m  OK  [0m] Listening on LVM2 poll daemon socket.
[    8.183086] systemd[1]: Listening on Journal Socket.
[[0;32m  OK  [0m] Listening on Journal Socket.
[    8.197387] systemd[1]: Starting Create list of required static device nodes for the current kernel...
         Starting Create list of required st... nodes for the current kernel...
[    8.208062] systemd[1]: Starting Load Kernel Modules...
         Starting Load Kernel Modules...
[    8.210439] systemd[1]: Mounting Huge Pages File System...
         Mounting Huge Pages File System...
[    8.212668] systemd[1]: Starting Monitoring of LVM2 mirrors, snapshots etc. using dmeventd or progress polling...
         Starting Monitoring of LVM2 mirrors... dmeventd or progress polling...
[    8.222528] systemd[1]: Starting Nameserver information manager...
         Starting Nameserver information manager...
[    8.224338] systemd[1]: Mounting Debug File System...
         Mounting Debug File System...
[    8.226178] systemd[1]: Mounting POSIX Message Queue File System...
         Mounting POSIX Message Queue File System...
[    8.227958] systemd[1]: Starting Uncomplicated firewall...
         Starting Uncomplicated firewall...
[    8.229819] systemd[1]: Starting Set console keymap...
         Starting Set console keymap...
[    8.231257] systemd[1]: Listening on Journal Audit Socket.
[[0;32m  OK  [0m] Listening on Journal Audit Socket.
[    8.233022] systemd[1]: Starting Journal Service...
         Starting Journal Service...
[    8.255991] systemd[1]: Listening on udev Control Socket.
[[0;32m  OK  [0m] Listening on udev Control Socket.
[    8.257575] systemd[1]: Started Forward Password Requests to Wall Directory Watch.
[[0;32m  OK  [0m] Started Forward Password Requests to Wall Directory Watch.
[    8.259550] systemd[1]: Created slice User and Session Slice.
[[0;32m  OK  [0m] Created slice User and Session Slice.
[    8.260938] systemd[1]: Reached target Slices.
[[0;32m  OK  [0m] Reached target Slices.
[    8.262113] systemd[1]: Listening on fsck to fsckd communication Socket.
[[0;32m  OK  [0m] Listening on fsck to fsckd communication Socket.
[    8.277578] systemd[1]: Starting File System Check on Root Device...
         Starting File System Check on Root Device...
[    8.287015] systemd[1]: Started Create list of required static device nodes for the current kernel.
[[0;32m  OK  [0m] Started Create list of required sta...ce nodes for the current kernel.
[    8.290339] systemd[1]: Starting Create Static Device Nodes in /dev...
         Starting Create Static Device Nodes in /dev...
[    8.302586] systemd[1]: Started Uncomplicated firewall.
[[0;32m  OK  [0m] Started Uncomplicated firewall.
[    8.345567] systemd[1]: Started File System Check Daemon to report status.
[[0;32m  OK  [0m] Started File System Check Daemon to report status.
[    8.370793] systemd[1]: Started Journal Service.
[[0;32m  OK  [0m] Started Journal Service.
[[0;32m  OK  [0m] Mounted Huge Pages File System.
[[0;32m  OK  [0m] Mounted POSIX Message Queue File System.
[[0;32m  OK  [0m] Mounted Debug File System.
[    8.435481] Loading iSCSI transport class v2.0-870.
[[0;32m  OK  [0m] Started Nameserver information manager.
[    8.553469] iscsi: registered transport (tcp)
[[0;32m  OK  [0m] Started Set console keymap.
[[0;32m  OK  [0m] Started File System Check on Root Device.
         Starting Remount Root and Kernel File Systems...
[[0;32m  OK  [0m] Started Create Static Device Nodes in /dev.
         Starting udev Kernel Device Manager...
[[0;32m  OK  [0m] Started LVM2 metadata daemon.
[    8.634480] EXT4-fs (sda1): re-mounted. Opts: (null)
[[0;32m  OK  [0m] Started Remount Root and Kernel File Systems.
         Starting Load/Save Random Seed...
         Starting Flush Journal to Persistent Storage...
         Starting udev Coldplug all Devices...
[    8.651597] iscsi: registered transport (iser)
[[0;32m  OK  [0m] Started Load Kernel Modules.
         Starting Apply Kernel Variables...
         Mounting FUSE Control File System...
[    8.662200] systemd-journald[387]: Received request to flush runtime journal from PID 1
[[0;32m  OK  [0m] Mounted FUSE Control File System.
[[0;32m  OK  [0m] Started Load/Save Random Seed.
[[0;32m  OK  [0m] Started Flush Journal to Persistent Storage.
[[0;32m  OK  [0m] Started udev Coldplug all Devices.
[[0;32m  OK  [0m] Started Apply Kernel Variables.
[[0;32m  OK  [0m] Started Monitoring of LVM2 mirrors,...ng dmeventd or progress polling.
[[0;32m  OK  [0m] Reached target Local File Systems (Pre).
[[0;32m  OK  [0m] Reached target Local File Systems.
         Starting Set console font and keymap...
         Starting LSB: AppArmor initialization...
         Starting Create Volatile Files and Directories...
         Starting Initial cloud-init job (pre-networking)...
         Starting Tell Plymouth To Write Out Runtime Data...
[[0;32m  OK  [0m] Started Tell Plymouth To Write Out Runtime Data.
[[0;32m  OK  [0m] Started udev Kernel Device Manager.
[[0;32m  OK  [0m] Started Create Volatile Files and Directories.
         Starting Update UTMP about System Boot/Shutdown...
[[0;32m  OK  [0m] Started Dispatch Password Requests to Console Directory Watch.
[[0;32m  OK  [0m] Started Update UTMP about System Boot/Shutdown.
[[0;32m  OK  [0m] Started Set console font and keymap.
[[0;32m  OK  [0m] Created slice system-getty.slice.
[[0;32m  OK  [0m] Found device /dev/ttyS0.
[[0;32m  OK  [0m] Listening on Load/Save RF Kill Switch Status /dev/rfkill Watch.
[[0;32m  OK  [0m] Found device 82540EM Gigabit Ethern...r (PRO/1000 MT Desktop Adapter).
[[0;32m  OK  [0m] Found device 82540EM Gigabit Ethern...r (PRO/1000 MT Desktop Adapter).
[[0;32m  OK  [0m] Found device 82540EM Gigabit Ethern...r (PRO/1000 MT Desktop Adapter).
[[0;32m  OK  [0m] Started LSB: AppArmor initialization.
         Starting Load AppArmor profiles managed internally by snapd...
[[0;32m  OK  [0m] Started Load AppArmor profiles managed internally by snapd.
[   12.413767] cloud-init[479]: Traceback (most recent call last):
[   12.414665] cloud-init[479]:   File "/usr/bin/cloud-init", line 9, in <module>
[   12.415527] cloud-init[479]:     load_entry_point('cloud-init==21.1', 'console_scripts', 'cloud-init')()
[   12.416493] cloud-init[479]:   File "/usr/lib/python3/dist-packages/pkg_resources/__init__.py", line 542, in load_entry_point
[   12.417559] cloud-init[479]:     return get_distribution(dist).load_entry_point(group, name)
[   12.418468] cloud-init[479]:   File "/usr/lib/python3/dist-packages/pkg_resources/__init__.py", line 2569, in load_entry_point
[   12.419545] cloud-init[479]:     return ep.load()
[   12.420263] cloud-init[479]:   File "/usr/lib/python3/dist-packages/pkg_resources/__init__.py", line 2229, in load
[   12.421436] cloud-init[479]:     return self.resolve()
[   12.422222] cloud-init[479]:   File "/usr/lib/python3/dist-packages/pkg_resources/__init__.py", line 2235, in resolve
[   12.423393] cloud-init[479]:     module = __import__(self.module_name, fromlist=['__name__'], level=0)
[   12.424458] cloud-init[479]:   File "/usr/lib/python3/dist-packages/cloudinit/cmd/main.py", line 28, in <module>
[   12.425600] cloud-init[479]:     from cloudinit import stages
[   12.426421] cloud-init[479]:   File "/usr/lib/python3/dist-packages/cloudinit/stages.py", line 20, in <module>
[   12.427576] cloud-init[479]:     from cloudinit.handlers.jinja_template import JinjaTemplatePartHandler
[   12.428752] cloud-init[479]:   File "/usr/lib/python3/dist-packages/cloudinit/handlers/jinja_template.py", line 8, in <module>
[   12.430211] cloud-init[479]:     from jinja2.exceptions import UndefinedError as JUndefinedError
[   12.431387] cloud-init[479]:   File "/usr/local/lib/python3.5/dist-packages/jinja2/__init__.py", line 5, in <module>
[   12.432543] cloud-init[479]:     from .bccache import BytecodeCache as BytecodeCache
[   12.433509] cloud-init[479]:   File "/usr/local/lib/python3.5/dist-packages/jinja2/bccache.py", line 61
[   12.434608] cloud-init[479]:     self.code: t.Optional[CodeType] = None
[   12.435508] cloud-init[479]:              ^
[   12.436224] cloud-init[479]: SyntaxError: invalid syntax
[[0;1;31mFAILED[0m] Failed to start Initial cloud-init job (pre-networking).
See 'systemctl status cloud-init-local.service' for details.
[[0;32m  OK  [0m] Reached target Network (Pre).
[[0;32m  OK  [0m] Started ifup for enp0s8.
         Starting Raise network interfaces...
[[0;32m  OK  [0m] Started ifup for enp0s9.
[[0;32m  OK  [0m] Started ifup for enp0s3.
[[0;32m  OK  [0m] Started Raise network interfaces.
[[0;32m  OK  [0m] Reached target Network.
         Starting Initial cloud-init job (metadata service crawler)...
[   13.118393] cloud-init[1209]: Traceback (most recent call last):
[   13.119392] cloud-init[1209]:   File "/usr/bin/cloud-init", line 9, in <module>
[   13.120269] cloud-init[1209]:     load_entry_point('cloud-init==21.1', 'console_scripts', 'cloud-init')()
[   13.121162] cloud-init[1209]:   File "/usr/lib/python3/dist-packages/pkg_resources/__init__.py", line 542, in load_entry_point
[   13.122233] cloud-init[1209]:     return get_distribution(dist).load_entry_point(group, name)
[   13.123091] cloud-init[1209]:   File "/usr/lib/python3/dist-packages/pkg_resources/__init__.py", line 2569, in load_entry_point
[   13.124099] cloud-init[1209]:     return ep.load()
[   13.124773] cloud-init[1209]:   File "/usr/lib/python3/dist-packages/pkg_resources/__init__.py", line 2229, in load
[   13.125765] cloud-init[1209]:     return self.resolve()
[   13.126401] cloud-init[1209]:   File "/usr/lib/python3/dist-packages/pkg_resources/__init__.py", line 2235, in resolve
[   13.127500] cloud-init[1209]:     module = __import__(self.module_name, fromlist=['__name__'], level=0)
[   13.128497] cloud-init[1209]:   File "/usr/lib/python3/dist-packages/cloudinit/cmd/main.py", line 28, in <module>
[   13.129535] cloud-init[1209]:     from cloudinit import stages
[   13.130340] cloud-init[1209]:   File "/usr/lib/python3/dist-packages/cloudinit/stages.py", line 20, in <module>
[   13.131323] cloud-init[1209]:     from cloudinit.handlers.jinja_template import JinjaTemplatePartHandler
[   13.132318] cloud-init[1209]:   File "/usr/lib/python3/dist-packages/cloudinit/handlers/jinja_template.py", line 8, in <module>
[   13.133366] cloud-init[1209]:     from jinja2.exceptions import UndefinedError as JUndefinedError
[   13.134249] cloud-init[1209]:   File "/usr/local/lib/python3.5/dist-packages/jinja2/__init__.py", line 5, in <module>
[   13.135259] cloud-init[1209]:     from .bccache import BytecodeCache as BytecodeCache
[   13.136079] cloud-init[1209]:   File "/usr/local/lib/python3.5/dist-packages/jinja2/bccache.py", line 61
[   13.137034] cloud-init[1209]:     self.code: t.Optional[CodeType] = None
[   13.137858] cloud-init[1209]:              ^
[   13.138531] cloud-init[1209]: SyntaxError: invalid syntax
[[0;1;31mFAILED[0m] Failed to start Initial cloud-init job (metadata service crawler).
See 'systemctl status cloud-init.service' for details.
[[0;32m  OK  [0m] Reached target System Initialization.
[[0;32m  OK  [0m] Listening on ACPID Listen Socket.
[[0;32m  OK  [0m] Started Daily apt download activities.
[[0;32m  OK  [0m] Started Daily apt upgrade and clean activities.
[[0;32m  OK  [0m] Listening on D-Bus System Message Bus Socket.
         Starting LXD - unix socket.
[[0;32m  OK  [0m] Started Daily Cleanup of Temporary Directories.
[[0;32m  OK  [0m] Started Ubuntu Advantage update messaging.
         Starting Socket activation for snappy daemon.
[[0;32m  OK  [0m] Listening on UUID daemon activation socket.
[[0;32m  OK  [0m] Started Message of the Day.
[[0;32m  OK  [0m] Reached target Timers.
[[0;32m  OK  [0m] Started ACPI Events Check.
[[0;32m  OK  [0m] Reached target Paths.
[[0;32m  OK  [0m] Reached target Cloud-config availability.
[[0;32m  OK  [0m] Reached target Network is Online.
         Starting iSCSI initiator daemon (iscsid)...
[[0;32m  OK  [0m] Listening on LXD - unix socket.
[[0;32m  OK  [0m] Listening on Socket activation for snappy daemon.
[[0;32m  OK  [0m] Reached target Sockets.
[[0;32m  OK  [0m] Reached target Basic System.
         Starting /etc/rc.local Compatibility...
         Starting System Logging Service...
[[0;32m  OK  [0m] Started ACPI event daemon.
         Starting Snap Daemon...
         Starting Ubuntu Advantage APT and MOTD Messages...
[[0;32m  OK  [0m] Started Deferred execution scheduler.
[[0;32m  OK  [0m] Started Regular background program processing daemon.
         Starting Virtualbox guest utils...
         Starting LXD - container startup/shutdown...
         Starting Accounts Service...
[[0;32m  OK  [0m] Started FUSE filesystem for LXC.
         Starting LSB: MD monitoring daemon...
         Starting Login Service...
         Starting Message of the Day...
[[0;32m  OK  [0m] Started D-Bus System Message Bus.
         Starting OpenBSD Secure Shell server...
         Starting LSB: Record successful boot for GRUB...
[[0;32m  OK  [0m] Started iSCSI initiator daemon (iscsid).
[[0;32m  OK  [0m] Started /etc/rc.local Compatibility.
[[0;32m  OK  [0m] Started Login Service.
[[0;32m  OK  [0m] Started Unattended Upgrades Shutdown.
         Starting Login to default iSCSI targets...
[[0;32m  OK  [0m] Started Message of the Day.
[[0;32m  OK  [0m] Started LSB: Record successful boot for GRUB.
[[0;32m  OK  [0m] Started System Logging Service.
[[0;32m  OK  [0m] Started Login to default iSCSI targets.
[[0;32m  OK  [0m] Reached target Remote File Systems (Pre).
         Mounting /vagrant...
         Mounting /vagrant_data...
[[0;32m  OK  [0m] Started LSB: MD monitoring daemon.
[[0;1;31mFAILED[0m] Failed to mount /vagrant.
See 'systemctl status vagrant.mount' for details.
[[0;1;33mDEPEND[0m] Dependency failed for Remote File Systems.
[[0;1;31mFAILED[0m] Failed to mount /vagrant_data.
See 'systemctl status vagrant_data.mount' for details.
         Starting Permit User Sessions...
         Starting LSB: Set the CPU Frequency Scaling governor to "ondemand"...
         Starting LSB: automatic crash report generation...
         Starting LSB: daemon to balance interrupts for SMP systems...
[[0;32m  OK  [0m] Started LSB: Set the CPU Frequency Scaling governor to "ondemand".
[[0;32m  OK  [0m] Started Permit User Sessions.
         Starting Hold until boot process finishes up...
         Starting Terminate Plymouth Boot Screen...
[[0;32m  OK  [0m] Started Hold until boot process finishes up.
         Starting Set console scheme...
[[0;32m  OK  [0m] Started Serial Getty on ttyS0.
[[0;32m  OK  [0m] Started Getty on tty1.
[[0;32m  OK  [0m] Reached target Login Prompts.
[[0;32m  OK  [0m] Started Terminate Plymouth Boot Screen.
[[0;32m  OK  [0m] Started Set console scheme.
[[0;32m  OK  [0m] Started LSB: automatic crash report generation.
[[0;32m  OK  [0m] Started LSB: daemon to balance interrupts for SMP systems.
         Starting Authenticate and Authorize Users to Run Privileged Tasks...
[[0;32m  OK  [0m] Started Virtualbox guest utils.
[[0;32m  OK  [0m] Started Authenticate and Authorize Users to Run Privileged Tasks.
[[0;32m  OK  [0m] Started Accounts Service.
[[0;32m  OK  [0m] Started OpenBSD Secure Shell server.
[[0;32m  OK  [0m] Started LXD - container startup/shutdown.
[[0;32m  OK  [0m] Created slice User Slice of root.
         Starting User Manager for UID 0...
[[0;32m  OK  [0m] Started Session 1 of user root.
[[0;32m  OK  [0m] Created slice User Slice of vagrant.
         Starting User Manager for UID 1000...
[[0;32m  OK  [0m] Started Session 2 of user vagrant.
[[0;32m  OK  [0m] Started Session 3 of user root.
[[0;32m  OK  [0m] Started User Manager for UID 0.
[[0;32m  OK  [0m] Started User Manager for UID 1000.
[[0;32m  OK  [0m] Started Snap Daemon.
         Starting Wait until snapd is fully seeded...
[[0;32m  OK  [0m] Started Wait until snapd is fully seeded.
[[0;32m  OK  [0m] Reached target Multi-User System.
[[0;32m  OK  [0m] Reached target Graphical Interface.
         Starting Update UTMP about System Runlevel Changes...
         Starting Apply the settings specified in cloud-config...
[[0;32m  OK  [0m] Started Update UTMP about System Runlevel Changes.
[[0;32m  OK  [0m] Started Ubuntu Advantage APT and MOTD Messages.
[   18.776418] cloud-init[1520]: Traceback (most recent call last):
[   18.777269] cloud-init[1520]:   File "/usr/bin/cloud-init", line 9, in <module>
[   18.778162] cloud-init[1520]:     load_entry_point('cloud-init==21.1', 'console_scripts', 'cloud-init')()
[   18.779460] cloud-init[1520]:   File "/usr/lib/python3/dist-packages/pkg_resources/__init__.py", line 542, in load_entry_point
[   18.780618] cloud-init[1520]:     return get_distribution(dist).load_entry_point(group, name)
[   18.781635] cloud-init[1520]:   File "/usr/lib/python3/dist-packages/pkg_resources/__init__.py", line 2569, in load_entry_point
[   18.783080] cloud-init[1520]:     return ep.load()
[   18.783962] cloud-init[1520]:   File "/usr/lib/python3/dist-packages/pkg_resources/__init__.py", line 2229, in load
[   18.785205] cloud-init[1520]:     return self.resolve()
[   18.786100] cloud-init[1520]:   File "/usr/lib/python3/dist-packages/pkg_resources/__init__.py", line 2235, in resolve
[   18.787480] cloud-init[1520]:     module = __import__(self.module_name, fromlist=['__name__'], level=0)
[   18.788672] cloud-init[1520]:   File "/usr/lib/python3/dist-packages/cloudinit/cmd/main.py", line 28, in <module>
[   18.789930] cloud-init[1520]:     from cloudinit import stages
[   18.790868] cloud-init[1520]:   File "/usr/lib/python3/dist-packages/cloudinit/stages.py", line 20, in <module>
[   18.792141] cloud-init[1520]:     from cloudinit.handlers.jinja_template import JinjaTemplatePartHandler
[   18.793348] cloud-init[1520]:   File "/usr/lib/python3/dist-packages/cloudinit/handlers/jinja_template.py", line 8, in <module>
[   18.795344] cloud-init[1520]:     from jinja2.exceptions import UndefinedError as JUndefinedError
[   18.796832] cloud-init[1520]:   File "/usr/local/lib/python3.5/dist-packages/jinja2/__init__.py", line 5, in <module>
[   18.798848] cloud-init[1520]:     from .bccache import BytecodeCache as BytecodeCache
[   18.800319] cloud-init[1520]:   File "/usr/local/lib/python3.5/dist-packages/jinja2/bccache.py", line 61
[   18.808968] cloud-init[1520]:     self.code: t.Optional[CodeType] = None
[   18.816274] cloud-init[1520]:              ^
[   18.816952] cloud-init[1520]: SyntaxError: invalid syntax
[[0;1;31mFAILED[0m] Failed to start Apply the settings specified in cloud-config.
See 'systemctl status cloud-config.service' for details.
         Starting Execute cloud user/final scripts...
[   19.068582] cloud-init[1644]: Traceback (most recent call last):
[   19.070319] cloud-init[1644]:   File "/usr/bin/cloud-init", line 9, in <module>
[   19.071726] cloud-init[1644]:     load_entry_point('cloud-init==21.1', 'console_scripts', 'cloud-init')()
[   19.073110] cloud-init[1644]:   File "/usr/lib/python3/dist-packages/pkg_resources/__init__.py", line 542, in load_entry_point
[   19.077736] cloud-init[1644]:     return get_distribution(dist).load_entry_point(group, name)
[   19.079607] cloud-init[1644]:   File "/usr/lib/python3/dist-packages/pkg_resources/__init__.py", line 2569, in load_entry_point
[   19.081547] cloud-init[1644]:     return ep.load()
[   19.082444] cloud-init[1644]:   File "/usr/lib/python3/dist-packages/pkg_resources/__init__.py", line 2229, in load
[   19.083769] cloud-init[1644]:     return self.resolve()
[   19.084646] cloud-init[1644]:   File "/usr/lib/python3/dist-packages/pkg_resources/__init__.py", line 2235, in resolve
[   19.085979] cloud-init[1644]:     module = __import__(self.module_name, fromlist=['__name__'], level=0)
[   19.087368] cloud-init[1644]:   File "/usr/lib/python3/dist-packages/cloudinit/cmd/main.py", line 28, in <module>
[   19.088952] cloud-init[1644]:     from cloudinit import stages
[   19.090651] cloud-init[1644]:   File "/usr/lib/python3/dist-packages/cloudinit/stages.py", line 20, in <module>
[   19.092192] cloud-init[1644]:     from cloudinit.handlers.jinja_template import JinjaTemplatePartHandler
[   19.095888] cloud-init[1644]:   File "/usr/lib/python3/dist-packages/cloudinit/handlers/jinja_template.py", line 8, in <module>
[   19.099179] cloud-init[1644]:     from jinja2.exceptions import UndefinedError as JUndefinedError
[   19.100527] cloud-init[1644]:   File "/usr/local/lib/python3.5/dist-packages/jinja2/__init__.py", line 5, in <module>
[   19.101950] cloud-init[1644]:     from .bccache import BytecodeCache as BytecodeCache
[   19.103243] cloud-init[1644]:   File "/usr/local/lib/python3.5/dist-packages/jinja2/bccache.py", line 61
[   19.104624] cloud-init[1644]:     self.code: t.Optional[CodeType] = None
[   19.105621] cloud-init[1644]:              ^
[   19.106424] cloud-init[1644]: SyntaxError: invalid syntax
[[0;1;31mFAILED[0m] Failed to start Execute cloud user/final scripts.
See 'systemctl status cloud-final.service' for details.
         Starting Daily apt download activities...
[[0;32m  OK  [0m] Reached target Cloud-init target.

Ubuntu 16.04.7 LTS ubuntu-xenial ttyS0

ubuntu-xenial login: [[0;32m  OK  [0m] Started ACPI event daemon.
[[0;32m  OK  [0m] Started ACPI event daemon.
[[0;32m  OK  [0m] Started ACPI event daemon.
[[0;32m  OK  [0m] Started Daily apt upgrade and clean activities.
